<?xml version="1.0" encoding="UTF-8" standalone="yes"?>
<ns2:test-suite start="1465509872675" stop="1465509928607" version="1.4.16" xmlns:ns2="urn:model.allure.qatools.yandex.ru">
    <name>Default Suite : GmailSignIn</name>
    <title>Default Suite : GmailSignIn</title>
    <test-cases>
        <test-case start="1465509928557" stop="1465509928567" status="broken">
            <name>setUp</name>
            <description>@BeforeClass</description>
            <failure>
                <message>WebDriverException: Failed to connect to binary FirefoxBinary(C:\Program Files (x86)\Mozilla Firefox\firefox.exe) on port 7055; process output follows: 
 een volledige pagina af of alleen een geclipped gebied.","creator":"SEIKO EPSON CORPORATION","homepageURL":null},{"locales":["ru-RU"],"name":"E-Web Print","description":"Печать целой стр. или только вырезанной области.","creator":"SEIKO EPSON CORPORATION","homepageURL":null},{"locales":["zh-TW"],"name":"E-Web Print","description":"列印整個網頁或僅裁切區域。","creator":"SEIKO EPSON CORPORATION","homepageURL":null},{"locales":["zh-CN"],"name":"E-Web Print","description":"打印整个网页或仅打印剪切区域。","creator":"SEIKO EPSON CORPORATION","homepageURL":null},{"locales":["ko-KR"],"name":"E-Web Print","description":"웹 페이지 전체 혹은 클립 영역을 인쇄합니다.","creator":"SEIKO EPSON CORPORATION","homepageURL":null}],"targetApplications":[{"id":"{ec8030f7-c20a-464f-9b0e-13a3a9e97384}","minVersion":"3.6","maxVersion":"*.*"}],"targetPlatforms":[],"multiprocessCompatible":false,"signedState":0,"seen":true}
1465509884167	DeferredSave.extensions.json	DEBUG	Save changes
1465509884167	addons.xpi	DEBUG	Updating database with changes to installed add-ons
1465509884167	addons.xpi-utils	DEBUG	Updating add-on states
1465509884168	addons.xpi-utils	DEBUG	Writing add-ons list
1465509884183	addons.xpi	DEBUG	Registering manifest for C:\Program Files (x86)\Mozilla Firefox\browser\features\e10srollout@mozilla.org.xpi
1465509884184	addons.xpi	DEBUG	Calling bootstrap method startup on e10srollout@mozilla.org version 1.0
1465509884184	addons.xpi	DEBUG	Registering manifest for C:\Program Files (x86)\Mozilla Firefox\browser\features\firefox@getpocket.com.xpi
1465509884185	addons.xpi	DEBUG	Calling bootstrap method startup on firefox@getpocket.com version 1.0.2
1465509884186	addons.xpi	DEBUG	Registering manifest for C:\Program Files (x86)\Mozilla Firefox\browser\features\loop@mozilla.org.xpi
1465509884187	addons.xpi	DEBUG	Calling bootstrap method startup on loop@mozilla.org version 1.3.2
1465509884210	addons.manager	DEBUG	Registering shutdown blocker for XPIProvider
1465509884210	addons.manager	DEBUG	Provider finished startup: XPIProvider
1465509884210	addons.manager	DEBUG	Starting provider: LightweightThemeManager
1465509884210	addons.manager	DEBUG	Registering shutdown blocker for LightweightThemeManager
1465509884210	addons.manager	DEBUG	Provider finished startup: LightweightThemeManager
1465509884211	addons.manager	DEBUG	Starting provider: GMPProvider
1465509884217	addons.manager	DEBUG	Registering shutdown blocker for GMPProvider
1465509884217	addons.manager	DEBUG	Provider finished startup: GMPProvider
1465509884217	addons.manager	DEBUG	Starting provider: PluginProvider
1465509884217	addons.manager	DEBUG	Registering shutdown blocker for PluginProvider
1465509884218	addons.manager	DEBUG	Provider finished startup: PluginProvider
1465509884218	addons.manager	DEBUG	Completed startup sequence
1465509886036	addons.manager	DEBUG	Starting provider: &lt;unnamed-provider&gt;
1465509886036	addons.manager	DEBUG	Registering shutdown blocker for &lt;unnamed-provider&gt;
1465509886036	addons.manager	DEBUG	Provider finished startup: &lt;unnamed-provider&gt;
1465509886836	DeferredSave.extensions.json	DEBUG	Write succeeded
1465509886836	addons.xpi-utils	DEBUG	XPI Database saved, setting schema version preference to 17
1465509886837	DeferredSave.extensions.json	DEBUG	Starting timer
1465509886850	addons.repository	DEBUG	No addons.json found.
1465509886850	DeferredSave.addons.json	DEBUG	Save changes
1465509886872	DeferredSave.addons.json	DEBUG	Starting timer
1465509890105	addons.manager	DEBUG	Starting provider: PreviousExperimentProvider
1465509890105	addons.manager	DEBUG	Registering shutdown blocker for PreviousExperimentProvider
1465509890105	addons.manager	DEBUG	Provider finished startup: PreviousExperimentProvider
1465509890108	DeferredSave.extensions.json	DEBUG	Starting write
1465509890111	DeferredSave.addons.json	DEBUG	Starting write
1465509890142	DeferredSave.extensions.json	DEBUG	Write succeeded
1465509890261	DeferredSave.addons.json	DEBUG	Write succeeded

Build info: version: '2.53.0', revision: '35ae25b1534ae328c771e0856c93e187490ca824', time: '2016-03-15 10:43:46'
System info: host: 'Business-PC', ip: '192.168.56.1', os.name: 'Windows 10', os.arch: 'amd64', os.version: '10.0', java.version: '1.8.0_65'
Driver info: driver.version: FirefoxDriver
selenide.url: http://www.gmail.com/
selenide.baseUrl: http://www.gmail.com</message>
                <stack-trace>org.openqa.selenium.WebDriverException: Failed to connect to binary FirefoxBinary(C:\Program Files (x86)\Mozilla Firefox\firefox.exe) on port 7055; process output follows: 
 een volledige pagina af of alleen een geclipped gebied.","creator":"SEIKO EPSON CORPORATION","homepageURL":null},{"locales":["ru-RU"],"name":"E-Web Print","description":"Печать целой стр. или только вырезанной области.","creator":"SEIKO EPSON CORPORATION","homepageURL":null},{"locales":["zh-TW"],"name":"E-Web Print","description":"列印整個網頁或僅裁切區域。","creator":"SEIKO EPSON CORPORATION","homepageURL":null},{"locales":["zh-CN"],"name":"E-Web Print","description":"打印整个网页或仅打印剪切区域。","creator":"SEIKO EPSON CORPORATION","homepageURL":null},{"locales":["ko-KR"],"name":"E-Web Print","description":"웹 페이지 전체 혹은 클립 영역을 인쇄합니다.","creator":"SEIKO EPSON CORPORATION","homepageURL":null}],"targetApplications":[{"id":"{ec8030f7-c20a-464f-9b0e-13a3a9e97384}","minVersion":"3.6","maxVersion":"*.*"}],"targetPlatforms":[],"multiprocessCompatible":false,"signedState":0,"seen":true}
1465509884167	DeferredSave.extensions.json	DEBUG	Save changes
1465509884167	addons.xpi	DEBUG	Updating database with changes to installed add-ons
1465509884167	addons.xpi-utils	DEBUG	Updating add-on states
1465509884168	addons.xpi-utils	DEBUG	Writing add-ons list
1465509884183	addons.xpi	DEBUG	Registering manifest for C:\Program Files (x86)\Mozilla Firefox\browser\features\e10srollout@mozilla.org.xpi
1465509884184	addons.xpi	DEBUG	Calling bootstrap method startup on e10srollout@mozilla.org version 1.0
1465509884184	addons.xpi	DEBUG	Registering manifest for C:\Program Files (x86)\Mozilla Firefox\browser\features\firefox@getpocket.com.xpi
1465509884185	addons.xpi	DEBUG	Calling bootstrap method startup on firefox@getpocket.com version 1.0.2
1465509884186	addons.xpi	DEBUG	Registering manifest for C:\Program Files (x86)\Mozilla Firefox\browser\features\loop@mozilla.org.xpi
1465509884187	addons.xpi	DEBUG	Calling bootstrap method startup on loop@mozilla.org version 1.3.2
1465509884210	addons.manager	DEBUG	Registering shutdown blocker for XPIProvider
1465509884210	addons.manager	DEBUG	Provider finished startup: XPIProvider
1465509884210	addons.manager	DEBUG	Starting provider: LightweightThemeManager
1465509884210	addons.manager	DEBUG	Registering shutdown blocker for LightweightThemeManager
1465509884210	addons.manager	DEBUG	Provider finished startup: LightweightThemeManager
1465509884211	addons.manager	DEBUG	Starting provider: GMPProvider
1465509884217	addons.manager	DEBUG	Registering shutdown blocker for GMPProvider
1465509884217	addons.manager	DEBUG	Provider finished startup: GMPProvider
1465509884217	addons.manager	DEBUG	Starting provider: PluginProvider
1465509884217	addons.manager	DEBUG	Registering shutdown blocker for PluginProvider
1465509884218	addons.manager	DEBUG	Provider finished startup: PluginProvider
1465509884218	addons.manager	DEBUG	Completed startup sequence
1465509886036	addons.manager	DEBUG	Starting provider: &lt;unnamed-provider&gt;
1465509886036	addons.manager	DEBUG	Registering shutdown blocker for &lt;unnamed-provider&gt;
1465509886036	addons.manager	DEBUG	Provider finished startup: &lt;unnamed-provider&gt;
1465509886836	DeferredSave.extensions.json	DEBUG	Write succeeded
1465509886836	addons.xpi-utils	DEBUG	XPI Database saved, setting schema version preference to 17
1465509886837	DeferredSave.extensions.json	DEBUG	Starting timer
1465509886850	addons.repository	DEBUG	No addons.json found.
1465509886850	DeferredSave.addons.json	DEBUG	Save changes
1465509886872	DeferredSave.addons.json	DEBUG	Starting timer
1465509890105	addons.manager	DEBUG	Starting provider: PreviousExperimentProvider
1465509890105	addons.manager	DEBUG	Registering shutdown blocker for PreviousExperimentProvider
1465509890105	addons.manager	DEBUG	Provider finished startup: PreviousExperimentProvider
1465509890108	DeferredSave.extensions.json	DEBUG	Starting write
1465509890111	DeferredSave.addons.json	DEBUG	Starting write
1465509890142	DeferredSave.extensions.json	DEBUG	Write succeeded
1465509890261	DeferredSave.addons.json	DEBUG	Write succeeded

Build info: version: '2.53.0', revision: '35ae25b1534ae328c771e0856c93e187490ca824', time: '2016-03-15 10:43:46'
System info: host: 'Business-PC', ip: '192.168.56.1', os.name: 'Windows 10', os.arch: 'amd64', os.version: '10.0', java.version: '1.8.0_65'
Driver info: driver.version: FirefoxDriver
selenide.url: http://www.gmail.com/
selenide.baseUrl: http://www.gmail.com
	at org.openqa.selenium.firefox.internal.NewProfileExtensionConnection.start(NewProfileExtensionConnection.java:125)
	at org.openqa.selenium.firefox.FirefoxDriver.startClient(FirefoxDriver.java:271)
	at org.openqa.selenium.remote.RemoteWebDriver.&lt;init&gt;(RemoteWebDriver.java:119)
	at org.openqa.selenium.firefox.FirefoxDriver.&lt;init&gt;(FirefoxDriver.java:216)
	at org.openqa.selenium.firefox.FirefoxDriver.&lt;init&gt;(FirefoxDriver.java:211)
	at org.openqa.selenium.firefox.FirefoxDriver.&lt;init&gt;(FirefoxDriver.java:128)
	at com.codeborne.selenide.webdriver.WebDriverFactory.createFirefoxDriver(WebDriverFactory.java:110)
	at com.codeborne.selenide.webdriver.WebDriverFactory.createWebDriver(WebDriverFactory.java:44)
	at com.codeborne.selenide.impl.WebDriverThreadLocalContainer.createDriver(WebDriverThreadLocalContainer.java:214)
	at com.codeborne.selenide.impl.WebDriverThreadLocalContainer.getAndCheckWebDriver(WebDriverThreadLocalContainer.java:114)
	at com.codeborne.selenide.WebDriverRunner.getAndCheckWebDriver(WebDriverRunner.java:126)
	at com.codeborne.selenide.impl.Navigator.navigateToAbsoluteUrl(Navigator.java:70)
	at com.codeborne.selenide.impl.Navigator.open(Navigator.java:35)
	at com.codeborne.selenide.Selenide.open(Selenide.java:79)
	at com.codeborne.selenide.Selenide.open(Selenide.java:53)
	at com.gmail.config.Configuration.launchUrl(Configuration.java:24)
	at com.gmail.tests.GmailSignInTest.setUp(GmailSignInTest.java:25)
	at sun.reflect.NativeMethodAccessorImpl.invoke0(Native Method)
	at sun.reflect.NativeMethodAccessorImpl.invoke(NativeMethodAccessorImpl.java:62)
	at sun.reflect.DelegatingMethodAccessorImpl.invoke(DelegatingMethodAccessorImpl.java:43)
	at java.lang.reflect.Method.invoke(Method.java:497)
	at org.testng.internal.MethodInvocationHelper.invokeMethod(MethodInvocationHelper.java:80)
	at org.testng.internal.Invoker.invokeConfigurationMethod(Invoker.java:564)
	at org.testng.internal.Invoker.invokeConfigurations(Invoker.java:213)
	at org.testng.internal.Invoker.invokeConfigurations(Invoker.java:138)
	at org.testng.internal.TestMethodWorker.invokeBeforeClassMethods(TestMethodWorker.java:175)
	at org.testng.internal.TestMethodWorker.run(TestMethodWorker.java:107)
	at org.testng.TestRunner.privateRun(TestRunner.java:767)
	at org.testng.TestRunner.run(TestRunner.java:617)
	at org.testng.SuiteRunner.runTest(SuiteRunner.java:334)
	at org.testng.SuiteRunner.runSequentially(SuiteRunner.java:329)
	at org.testng.SuiteRunner.privateRun(SuiteRunner.java:291)
	at org.testng.SuiteRunner.run(SuiteRunner.java:240)
	at org.testng.SuiteRunnerWorker.runSuite(SuiteRunnerWorker.java:52)
	at org.testng.SuiteRunnerWorker.run(SuiteRunnerWorker.java:86)
	at org.testng.TestNG.runSuitesSequentially(TestNG.java:1198)
	at org.testng.TestNG.runSuitesLocally(TestNG.java:1123)
	at org.testng.TestNG.run(TestNG.java:1031)
	at org.testng.IDEARemoteTestNG.run(IDEARemoteTestNG.java:74)
	at org.testng.RemoteTestNGStarter.main(RemoteTestNGStarter.java:121)
	at sun.reflect.NativeMethodAccessorImpl.invoke0(Native Method)
	at sun.reflect.NativeMethodAccessorImpl.invoke(NativeMethodAccessorImpl.java:62)
	at sun.reflect.DelegatingMethodAccessorImpl.invoke(DelegatingMethodAccessorImpl.java:43)
	at java.lang.reflect.Method.invoke(Method.java:497)
	at com.intellij.rt.execution.application.AppMain.main(AppMain.java:144)
Caused by: org.openqa.selenium.firefox.NotConnectedException: Unable to connect to host 127.0.0.1 on port 7055 after 45000 ms. Firefox console output:
 een volledige pagina af of alleen een geclipped gebied.","creator":"SEIKO EPSON CORPORATION","homepageURL":null},{"locales":["ru-RU"],"name":"E-Web Print","description":"Печать целой стр. или только вырезанной области.","creator":"SEIKO EPSON CORPORATION","homepageURL":null},{"locales":["zh-TW"],"name":"E-Web Print","description":"列印整個網頁或僅裁切區域。","creator":"SEIKO EPSON CORPORATION","homepageURL":null},{"locales":["zh-CN"],"name":"E-Web Print","description":"打印整个网页或仅打印剪切区域。","creator":"SEIKO EPSON CORPORATION","homepageURL":null},{"locales":["ko-KR"],"name":"E-Web Print","description":"웹 페이지 전체 혹은 클립 영역을 인쇄합니다.","creator":"SEIKO EPSON CORPORATION","homepageURL":null}],"targetApplications":[{"id":"{ec8030f7-c20a-464f-9b0e-13a3a9e97384}","minVersion":"3.6","maxVersion":"*.*"}],"targetPlatforms":[],"multiprocessCompatible":false,"signedState":0,"seen":true}
1465509884167	DeferredSave.extensions.json	DEBUG	Save changes
1465509884167	addons.xpi	DEBUG	Updating database with changes to installed add-ons
1465509884167	addons.xpi-utils	DEBUG	Updating add-on states
1465509884168	addons.xpi-utils	DEBUG	Writing add-ons list
1465509884183	addons.xpi	DEBUG	Registering manifest for C:\Program Files (x86)\Mozilla Firefox\browser\features\e10srollout@mozilla.org.xpi
1465509884184	addons.xpi	DEBUG	Calling bootstrap method startup on e10srollout@mozilla.org version 1.0
1465509884184	addons.xpi	DEBUG	Registering manifest for C:\Program Files (x86)\Mozilla Firefox\browser\features\firefox@getpocket.com.xpi
1465509884185	addons.xpi	DEBUG	Calling bootstrap method startup on firefox@getpocket.com version 1.0.2
1465509884186	addons.xpi	DEBUG	Registering manifest for C:\Program Files (x86)\Mozilla Firefox\browser\features\loop@mozilla.org.xpi
1465509884187	addons.xpi	DEBUG	Calling bootstrap method startup on loop@mozilla.org version 1.3.2
1465509884210	addons.manager	DEBUG	Registering shutdown blocker for XPIProvider
1465509884210	addons.manager	DEBUG	Provider finished startup: XPIProvider
1465509884210	addons.manager	DEBUG	Starting provider: LightweightThemeManager
1465509884210	addons.manager	DEBUG	Registering shutdown blocker for LightweightThemeManager
1465509884210	addons.manager	DEBUG	Provider finished startup: LightweightThemeManager
1465509884211	addons.manager	DEBUG	Starting provider: GMPProvider
1465509884217	addons.manager	DEBUG	Registering shutdown blocker for GMPProvider
1465509884217	addons.manager	DEBUG	Provider finished startup: GMPProvider
1465509884217	addons.manager	DEBUG	Starting provider: PluginProvider
1465509884217	addons.manager	DEBUG	Registering shutdown blocker for PluginProvider
1465509884218	addons.manager	DEBUG	Provider finished startup: PluginProvider
1465509884218	addons.manager	DEBUG	Completed startup sequence
1465509886036	addons.manager	DEBUG	Starting provider: &lt;unnamed-provider&gt;
1465509886036	addons.manager	DEBUG	Registering shutdown blocker for &lt;unnamed-provider&gt;
1465509886036	addons.manager	DEBUG	Provider finished startup: &lt;unnamed-provider&gt;
1465509886836	DeferredSave.extensions.json	DEBUG	Write succeeded
1465509886836	addons.xpi-utils	DEBUG	XPI Database saved, setting schema version preference to 17
1465509886837	DeferredSave.extensions.json	DEBUG	Starting timer
1465509886850	addons.repository	DEBUG	No addons.json found.
1465509886850	DeferredSave.addons.json	DEBUG	Save changes
1465509886872	DeferredSave.addons.json	DEBUG	Starting timer
1465509890105	addons.manager	DEBUG	Starting provider: PreviousExperimentProvider
1465509890105	addons.manager	DEBUG	Registering shutdown blocker for PreviousExperimentProvider
1465509890105	addons.manager	DEBUG	Provider finished startup: PreviousExperimentProvider
1465509890108	DeferredSave.extensions.json	DEBUG	Starting write
1465509890111	DeferredSave.addons.json	DEBUG	Starting write
1465509890142	DeferredSave.extensions.json	DEBUG	Write succeeded
1465509890261	DeferredSave.addons.json	DEBUG	Write succeeded

	at org.openqa.selenium.firefox.internal.NewProfileExtensionConnection.start(NewProfileExtensionConnection.java:113)
	... 44 more
</stack-trace>
            </failure>
            <steps/>
            <attachments/>
            <labels>
                <label name="host" value="Business-PC"/>
                <label name="thread" value="1596@Business-PC.main(1)"/>
            </labels>
        </test-case>
        <test-case start="1465509928592" stop="1465509928600" status="canceled">
            <name>GmailLoginTest</name>
            <failure>
                <message>: Skipped due to dependency on other skipped or failed test methods</message>
                <stack-trace>ru.yandex.qatools.allure.testng.AllureTestListener$1: Skipped due to dependency on other skipped or failed test methods
	at ru.yandex.qatools.allure.testng.AllureTestListener.fireTestCaseCancel(AllureTestListener.java:366)
	at ru.yandex.qatools.allure.testng.AllureTestListener.onTestSkipped(AllureTestListener.java:181)
	at org.testng.internal.Invoker.runTestListeners(Invoker.java:1887)
	at org.testng.internal.Invoker.runTestListeners(Invoker.java:1879)
	at org.testng.internal.Invoker.invokeMethod(Invoker.java:778)
	at org.testng.internal.Invoker.invokeTestMethod(Invoker.java:901)
	at org.testng.internal.Invoker.invokeTestMethods(Invoker.java:1231)
	at org.testng.internal.TestMethodWorker.invokeTestMethods(TestMethodWorker.java:127)
	at org.testng.internal.TestMethodWorker.run(TestMethodWorker.java:111)
	at org.testng.TestRunner.privateRun(TestRunner.java:767)
	at org.testng.TestRunner.run(TestRunner.java:617)
	at org.testng.SuiteRunner.runTest(SuiteRunner.java:334)
	at org.testng.SuiteRunner.runSequentially(SuiteRunner.java:329)
	at org.testng.SuiteRunner.privateRun(SuiteRunner.java:291)
	at org.testng.SuiteRunner.run(SuiteRunner.java:240)
	at org.testng.SuiteRunnerWorker.runSuite(SuiteRunnerWorker.java:52)
	at org.testng.SuiteRunnerWorker.run(SuiteRunnerWorker.java:86)
	at org.testng.TestNG.runSuitesSequentially(TestNG.java:1198)
	at org.testng.TestNG.runSuitesLocally(TestNG.java:1123)
	at org.testng.TestNG.run(TestNG.java:1031)
	at org.testng.IDEARemoteTestNG.run(IDEARemoteTestNG.java:74)
	at org.testng.RemoteTestNGStarter.main(RemoteTestNGStarter.java:121)
	at sun.reflect.NativeMethodAccessorImpl.invoke0(Native Method)
	at sun.reflect.NativeMethodAccessorImpl.invoke(NativeMethodAccessorImpl.java:62)
	at sun.reflect.DelegatingMethodAccessorImpl.invoke(DelegatingMethodAccessorImpl.java:43)
	at java.lang.reflect.Method.invoke(Method.java:497)
	at com.intellij.rt.execution.application.AppMain.main(AppMain.java:144)
</stack-trace>
            </failure>
            <steps/>
            <attachments/>
            <labels>
                <label name="host" value="Business-PC"/>
                <label name="thread" value="1596@Business-PC.main(1)"/>
            </labels>
        </test-case>
        <test-case start="1465509928601" stop="1465509928603" status="canceled">
            <name>tearDown</name>
            <description>@AfterClass</description>
            <failure>
                <message>: Skipped due to dependency on other skipped or failed test methods</message>
                <stack-trace>ru.yandex.qatools.allure.testng.AllureTestListener$1: Skipped due to dependency on other skipped or failed test methods
	at ru.yandex.qatools.allure.testng.AllureTestListener.fireTestCaseCancel(AllureTestListener.java:366)
	at ru.yandex.qatools.allure.testng.AllureTestListener.onConfigurationSkip(AllureTestListener.java:126)
	at org.testng.internal.Invoker.runConfigurationListeners(Invoker.java:1865)
	at org.testng.internal.Invoker.handleConfigurationSkip(Invoker.java:261)
	at org.testng.internal.Invoker.invokeConfigurations(Invoker.java:193)
	at org.testng.internal.Invoker.invokeConfigurations(Invoker.java:138)
	at org.testng.internal.TestMethodWorker.invokeAfterClassMethods(TestMethodWorker.java:225)
	at org.testng.internal.TestMethodWorker.run(TestMethodWorker.java:114)
	at org.testng.TestRunner.privateRun(TestRunner.java:767)
	at org.testng.TestRunner.run(TestRunner.java:617)
	at org.testng.SuiteRunner.runTest(SuiteRunner.java:334)
	at org.testng.SuiteRunner.runSequentially(SuiteRunner.java:329)
	at org.testng.SuiteRunner.privateRun(SuiteRunner.java:291)
	at org.testng.SuiteRunner.run(SuiteRunner.java:240)
	at org.testng.SuiteRunnerWorker.runSuite(SuiteRunnerWorker.java:52)
	at org.testng.SuiteRunnerWorker.run(SuiteRunnerWorker.java:86)
	at org.testng.TestNG.runSuitesSequentially(TestNG.java:1198)
	at org.testng.TestNG.runSuitesLocally(TestNG.java:1123)
	at org.testng.TestNG.run(TestNG.java:1031)
	at org.testng.IDEARemoteTestNG.run(IDEARemoteTestNG.java:74)
	at org.testng.RemoteTestNGStarter.main(RemoteTestNGStarter.java:121)
	at sun.reflect.NativeMethodAccessorImpl.invoke0(Native Method)
	at sun.reflect.NativeMethodAccessorImpl.invoke(NativeMethodAccessorImpl.java:62)
	at sun.reflect.DelegatingMethodAccessorImpl.invoke(DelegatingMethodAccessorImpl.java:43)
	at java.lang.reflect.Method.invoke(Method.java:497)
	at com.intellij.rt.execution.application.AppMain.main(AppMain.java:144)
</stack-trace>
            </failure>
            <steps/>
            <attachments/>
            <labels>
                <label name="host" value="Business-PC"/>
                <label name="thread" value="1596@Business-PC.main(1)"/>
            </labels>
        </test-case>
    </test-cases>
    <labels>
        <label name="framework" value="TestNG"/>
        <label name="language" value="JAVA"/>
    </labels>
</ns2:test-suite>
